/*C13*/SET SCHEMA PUBLIC
DISCONNECT
/*C14*/SET SCHEMA PUBLIC
create table Evenement (id integer generated by default as identity (start with 1), resultats varchar(255), vainqueur varchar(255), primary key (id))
create table Parieur (userId varchar(20) not null, email varchar(50), jeton integer not null, loginStatus varchar(255), primary key (userId))
create table ParisSimple (idPari integer generated by default as identity (start with 1), primary key (idPari))
create table Sport (id_evenement integer generated by default as identity (start with 1), date date, resultat varchar(255), sport varchar(255), primary key (id_evenement))
INSERT INTO EVENEMENT VALUES(1,NULL,NULL)
COMMIT
/*C15*/SET SCHEMA PUBLIC
DISCONNECT
/*C16*/SET SCHEMA PUBLIC
alter table Parieur add column id bigint not null
DISCONNECT
/*C17*/SET SCHEMA PUBLIC
DISCONNECT
/*C18*/SET SCHEMA PUBLIC
create table Bookmaker (id bigint generated by default as identity (start with 1), address varchar(255), name varchar(255), primary key (id))
create table Pari (idPari bigint generated by default as identity (start with 1), primary key (idPari))
INSERT INTO PARI VALUES(1)
COMMIT
INSERT INTO BOOKMAKER VALUES(1,'YIGYG','JHV')
COMMIT
/*C19*/SET SCHEMA PUBLIC
DISCONNECT
/*C20*/SET SCHEMA PUBLIC
INSERT INTO EVENEMENT VALUES(2,'Bonjour ','AAAAA')
COMMIT
